#
# A fatal error has been detected by the Java Runtime Environment:
#
#  EXCEPTION_ILLEGAL_INSTRUCTION (0xc000001d) at pc=0x0000000054c15886, pid=14100, tid=0x00000000000036e4
#
# JRE version: Java(TM) SE Runtime Environment (8.0_251-b08) (build 1.8.0_251-b08)
# Java VM: Java HotSpot(TM) 64-Bit Server VM (25.251-b08 mixed mode windows-amd64 compressed oops)
# Problematic frame:
# V  [jvm.dll+0x115886]
#
# Failed to write core dump. Minidumps are not enabled by default on client versions of Windows
#
# If you would like to submit a bug report, please visit:
#   http://bugreport.java.com/bugreport/crash.jsp
#

---------------  T H R E A D  ---------------

Current thread (0x0000000002ae9800):  GCTaskThread [stack: 0x0000000012750000,0x0000000012850000] [id=14052]

siginfo: ExceptionCode=0xc000001d

Registers:
RAX=0x0000000000000009, RBX=0x00000000d81a64e0, RCX=0x0000000000000000, RDX=0x00000000006c0d32
RSP=0x000000001284f6c0, RBP=0x0000000017b95200, RSI=0x00000001000db158, RDI=0x0000000000000000
R8 =0x0000000000000000, R9 =0x0000000000000259, R10=0x0000000b0000026d, R11=0x00000000d81a63d8
R12=0x00000001000db150, R13=0x00000000d81a63d8, R14=0x0000000000000000, R15=0x0000000002ae9e20
RIP=0x0000000054c15886, EFLAGS=0x0000000000010287

Top of Stack: (sp=0x000000001284f6c0)
0x000000001284f6c0:   00000000d81a64fd 00000000d81a64fd
0x000000001284f6d0:   00000000d7e80578 0000000054c15797
0x000000001284f6e0:   0000000000000001 0000000055162148
0x000000001284f6f0:   00000000d81a63d8 0000000054f08e71
0x000000001284f700:   00000000d7951528 000000000000003f
0x000000001284f710:   0000000017b95200 0000000054f08e71
0x000000001284f720:   00000000d81a5288 0000000000001000
0x000000001284f730:   0000000017b95200 0000000000000001
0x000000001284f740:   0000000000000000 0000000002ade401
0x000000001284f750:   0000000055162148 0000000054f08f60
0x000000001284f760:   00000000d81781e4 0000000000000000
0x000000001284f770:   0000000017b95200 0000000021636310
0x000000001284f780:   00000000d81781e4 0000000054f09935
0x000000001284f790:   0000000000000000 0000000000000000
0x000000001284f7a0:   0000000002ae9e00 000000001a8e5800
0x000000001284f7b0:   0000000055161e01 0000000054d1818d 

Instructions: (pc=0x0000000054c15886)
0x0000000054c15866:   69 00 49 d3 e8 44 89 03 eb 10 48 8b d3 48 8d 4d
0x0000000054c15876:   60 48 83 ca 01 e8 30 c1 ff ff 48 3b df 0f 87 67
0x0000000054c15886:   ff ff ff 49 3b f4 0f 87 3e ff ff ff e9 a3 00 00
0x0000000054c15896:   00 4c 3b e6 0f 83 9a 00 00 00 48 63 7e f8 8b 46 


Register to memory mapping:

RAX=0x0000000000000009 is an unknown value
RBX=0x00000000d81a64e0 is an unknown value
RCX=0x0000000000000000 is an unknown value
RDX=0x00000000006c0d32 is an unknown value
RSP=0x000000001284f6c0 is an unknown value
RBP=0x0000000017b95200 is an unknown value
RSI=0x00000001000db158 is pointing into metadata
RDI=0x0000000000000000 is an unknown value
R8 =0x0000000000000000 is an unknown value
R9 =0x0000000000000259 is an unknown value
R10=0x0000000b0000026d is an unknown value
R11=0x00000000d81a63d8 is an oop
stantardjavaswing.Node 
 - klass: 'stantardjavaswing/Node'
R12=0x00000001000db150 is pointing into metadata
R13=0x00000000d81a63d8 is an oop
stantardjavaswing.Node 
 - klass: 'stantardjavaswing/Node'
R14=0x0000000000000000 is an unknown value
R15=0x0000000002ae9e20 is an unknown value


Stack: [0x0000000012750000,0x0000000012850000],  sp=0x000000001284f6c0,  free space=1021k
Native frames: (J=compiled Java code, j=interpreted, Vv=VM code, C=native code)
V  [jvm.dll+0x115886]
V  [jvm.dll+0x408e71]
V  [jvm.dll+0x408f60]
V  [jvm.dll+0x409935]
V  [jvm.dll+0x40c1c7]
V  [jvm.dll+0x3fad6e]
V  [jvm.dll+0x2a001a]
C  [msvcr100.dll+0x21d9f]
C  [msvcr100.dll+0x21e3b]
C  [KERNEL32.DLL+0x17bd4]
C  [ntdll.dll+0x6ce51]


---------------  P R O C E S S  ---------------

Java Threads: ( => current thread )
  0x0000000002ad2800 JavaThread "DestroyJavaVM" [_thread_blocked, id=7180, stack(0x00000000029c0000,0x0000000002ac0000)]
  0x000000001a8e5800 JavaThread "AWT-EventQueue-0" [_thread_blocked, id=8316, stack(0x000000001b620000,0x000000001b720000)]
  0x000000001a8a2000 JavaThread "AWT-Windows" daemon [_thread_in_native, id=1544, stack(0x000000001b3f0000,0x000000001b4f0000)]
  0x000000001a89f800 JavaThread "AWT-Shutdown" [_thread_blocked, id=4392, stack(0x000000001b2f0000,0x000000001b3f0000)]
  0x000000001a896800 JavaThread "Java2D Disposer" daemon [_thread_blocked, id=9524, stack(0x000000001b1f0000,0x000000001b2f0000)]
  0x0000000019a47000 JavaThread "Service Thread" daemon [_thread_blocked, id=5632, stack(0x000000001a690000,0x000000001a790000)]
  0x00000000199f4000 JavaThread "C1 CompilerThread3" daemon [_thread_blocked, id=2996, stack(0x000000001a590000,0x000000001a690000)]
  0x00000000199b7000 JavaThread "C2 CompilerThread2" daemon [_thread_blocked, id=15276, stack(0x000000001a490000,0x000000001a590000)]
  0x00000000199ab000 JavaThread "C2 CompilerThread1" daemon [_thread_blocked, id=9992, stack(0x000000001a390000,0x000000001a490000)]
  0x00000000199a5000 JavaThread "C2 CompilerThread0" daemon [_thread_blocked, id=13764, stack(0x000000001a290000,0x000000001a390000)]
  0x00000000199a4000 JavaThread "Attach Listener" daemon [_thread_blocked, id=15248, stack(0x000000001a190000,0x000000001a290000)]
  0x00000000199a1800 JavaThread "Signal Dispatcher" daemon [_thread_blocked, id=14872, stack(0x000000001a090000,0x000000001a190000)]
  0x0000000019990800 JavaThread "Finalizer" daemon [_thread_blocked, id=14072, stack(0x0000000019e70000,0x0000000019f70000)]
  0x0000000017b9d000 JavaThread "Reference Handler" daemon [_thread_blocked, id=14560, stack(0x0000000019d70000,0x0000000019e70000)]

Other Threads:
  0x0000000017b98800 VMThread [stack: 0x0000000019870000,0x0000000019970000] [id=6164]
  0x0000000019a2f800 WatcherThread [stack: 0x000000001a790000,0x000000001a890000] [id=5084]

=>0x0000000002ae9800 (exited) GCTaskThread [stack: 0x0000000012750000,0x0000000012850000] [id=14052]

VM state:at safepoint (normal execution)

VM Mutex/Monitor currently owned by a thread:  ([mutex/lock_event])
[0x00000000029ae0f0] Threads_lock - owner thread: 0x0000000017b98800
[0x00000000029adaf0] Heap_lock - owner thread: 0x000000001a8e5800

heap address: 0x0000000081a00000, size: 2022 MB, Compressed Oops mode: 32-bit
Narrow klass base: 0x0000000000000000, Narrow klass shift: 3
Compressed class space size: 1073741824 Address: 0x0000000100000000

Heap:
 PSYoungGen      total 38400K, used 33280K [0x00000000d5e00000, 0x00000000d8880000, 0x0000000100000000)
  eden space 33280K, 100% used [0x00000000d5e00000,0x00000000d7e80000,0x00000000d7e80000)
  from space 5120K, 0% used [0x00000000d8380000,0x00000000d8380000,0x00000000d8880000)
  to   space 5120K, 99% used [0x00000000d7e80000,0x00000000d837d288,0x00000000d8380000)
 ParOldGen       total 87552K, used 4464K [0x0000000081a00000, 0x0000000086f80000, 0x00000000d5e00000)
  object space 87552K, 5% used [0x0000000081a00000,0x0000000081e5c000,0x0000000086f80000)
 Metaspace       used 7718K, capacity 7912K, committed 8192K, reserved 1056768K
  class space    used 888K, capacity 973K, committed 1024K, reserved 1048576K

Card table byte_map: [0x0000000011fa0000,0x00000000123a0000] byte_map_base: 0x0000000011b93000

Marking Bits: (ParMarkBitMap*) 0x000000005532af90
 Begin Bits: [0x0000000012e50000, 0x0000000014de8000)
 End Bits:   [0x0000000014de8000, 0x0000000016d80000)

Polling page: 0x0000000002990000

CodeCache: size=245760Kb used=2811Kb max_used=2825Kb free=242948Kb
 bounds [0x0000000002be0000, 0x0000000002eb0000, 0x0000000011be0000]
 total_blobs=1039 nmethods=678 adapters=275
 compilation: enabled

Compilation events (10 events):
Event: 0.553 Thread 0x00000000199a5000 nmethod 676 0x0000000002e92510 code [0x0000000002e92640, 0x0000000002e926b8]
Event: 0.553 Thread 0x00000000199b7000 nmethod 673 0x0000000002e91f10 code [0x0000000002e92080, 0x0000000002e92238]
Event: 0.553 Thread 0x00000000199b7000  677   !   4       java.lang.Class::newInstance (155 bytes)
Event: 0.553 Thread 0x00000000199a5000  678       4       java.awt.Container::<init> (46 bytes)
Event: 0.564 Thread 0x00000000199a5000 nmethod 678 0x0000000002e9bed0 code [0x0000000002e9c0a0, 0x0000000002e9ca58]
Event: 0.564 Thread 0x00000000199a5000  679       4       javax.swing.JComponent::<init> (77 bytes)
Event: 0.569 Thread 0x00000000199a5000 nmethod 679 0x0000000002e9fd90 code [0x0000000002e9ff20, 0x0000000002ea0408]
Event: 0.571 Thread 0x00000000199ab000 nmethod 671 0x0000000002ea0c50 code [0x0000000002ea0e00, 0x0000000002ea1ac8]
Event: 0.573 Thread 0x00000000199a5000  680       4       java.lang.reflect.Constructor::newInstance (87 bytes)
Event: 0.573 Thread 0x00000000199ab000  681       4       sun.reflect.DelegatingConstructorAccessorImpl::newInstance (9 bytes)

GC Heap History (1 events):
Event: 0.592 GC heap before
{Heap before GC invocations=1 (full 0):
 PSYoungGen      total 38400K, used 33280K [0x00000000d5e00000, 0x00000000d8880000, 0x0000000100000000)
  eden space 33280K, 100% used [0x00000000d5e00000,0x00000000d7e80000,0x00000000d7e80000)
  from space 5120K, 0% used [0x00000000d8380000,0x00000000d8380000,0x00000000d8880000)
  to   space 5120K, 0% used [0x00000000d7e80000,0x00000000d7e80000,0x00000000d8380000)
 ParOldGen       total 87552K, used 0K [0x0000000081a00000, 0x0000000086f80000, 0x00000000d5e00000)
  object space 87552K, 0% used [0x0000000081a00000,0x0000000081a00000,0x0000000086f80000)
 Metaspace       used 7718K, capacity 7912K, committed 8192K, reserved 1056768K
  class space    used 888K, capacity 973K, committed 1024K, reserved 1048576K

Deoptimization events (1 events):
Event: 0.160 Thread 0x0000000002ad2800 Uncommon trap: reason=null_check action=make_not_entrant pc=0x0000000002d45454 method=java.lang.String.equals(Ljava/lang/Object;)Z @ 8

Classes redefined (0 events):
No events

Internal exceptions (10 events):
Event: 0.035 Thread 0x0000000002ad2800 Exception <a 'java/lang/NoSuchMethodError': Method sun.misc.Unsafe.prefetchRead(Ljava/lang/Object;J)V name or signature does not match> (0x00000000d5e07fa8) thrown at [C:\jenkins\workspace\8-2-build-windows-amd64-cygwin\jdk8u251\737\hotspot\src\share\vm\p
Event: 0.128 Thread 0x0000000002ad2800 Exception <a 'java/lang/NoSuchFieldError': method resolution failed> (0x00000000d5fdf850) thrown at [C:\jenkins\workspace\8-2-build-windows-amd64-cygwin\jdk8u251\737\hotspot\src\share\vm\prims\methodHandles.cpp, line 1167]
Event: 0.129 Thread 0x0000000002ad2800 Exception <a 'java/lang/NoSuchFieldError': method resolution failed> (0x00000000d5fecc50) thrown at [C:\jenkins\workspace\8-2-build-windows-amd64-cygwin\jdk8u251\737\hotspot\src\share\vm\prims\methodHandles.cpp, line 1167]
Event: 0.155 Thread 0x0000000002ad2800 Exception <a 'java/security/PrivilegedActionException'> (0x00000000d6079830) thrown at [C:\jenkins\workspace\8-2-build-windows-amd64-cygwin\jdk8u251\737\hotspot\src\share\vm\prims\jvm.cpp, line 1502]
Event: 0.155 Thread 0x0000000002ad2800 Exception <a 'java/security/PrivilegedActionException'> (0x00000000d6079a40) thrown at [C:\jenkins\workspace\8-2-build-windows-amd64-cygwin\jdk8u251\737\hotspot\src\share\vm\prims\jvm.cpp, line 1502]
Event: 0.155 Thread 0x0000000002ad2800 Exception <a 'java/security/PrivilegedActionException'> (0x00000000d607d950) thrown at [C:\jenkins\workspace\8-2-build-windows-amd64-cygwin\jdk8u251\737\hotspot\src\share\vm\prims\jvm.cpp, line 1502]
Event: 0.155 Thread 0x0000000002ad2800 Exception <a 'java/security/PrivilegedActionException'> (0x00000000d607db60) thrown at [C:\jenkins\workspace\8-2-build-windows-amd64-cygwin\jdk8u251\737\hotspot\src\share\vm\prims\jvm.cpp, line 1502]
Event: 0.159 Thread 0x0000000002ad2800 Implicit null exception at 0x0000000002d4529b to 0x0000000002d45445
Event: 0.164 Thread 0x0000000002ad2800 Exception <a 'java/io/FileNotFoundException'> (0x00000000d6085180) thrown at [C:\jenkins\workspace\8-2-build-windows-amd64-cygwin\jdk8u251\737\hotspot\src\share\vm\prims\jni.cpp, line 710]
Event: 0.214 Thread 0x000000001a8e5800 Exception <a 'java/io/FileNotFoundException'> (0x00000000d61f8ba0) thrown at [C:\jenkins\workspace\8-2-build-windows-amd64-cygwin\jdk8u251\737\hotspot\src\share\vm\prims\jni.cpp, line 710]

Events (10 events):
Event: 0.329 loading class stantardjavaswing/Grid done
Event: 0.331 loading class java/awt/Component$3
Event: 0.331 loading class java/awt/Component$3 done
Event: 0.331 loading class stantardjavaswing/Grid$1
Event: 0.331 loading class stantardjavaswing/Grid$1 done
Event: 0.332 loading class stantardjavaswing/Grid$2
Event: 0.332 loading class stantardjavaswing/Grid$2 done
Event: 0.524 Executing VM operation: ForceSafepoint
Event: 0.524 Executing VM operation: ForceSafepoint done
Event: 0.592 Executing VM operation: ParallelGCFailedAllocation


Dynamic libraries:
0x00007ff7bc160000 - 0x00007ff7bc197000 	C:\Program Files\Java\jdk1.8.0_251\bin\java.exe
0x00007ffc32440000 - 0x00007ffc32630000 	C:\WINDOWS\SYSTEM32\ntdll.dll
0x00007ffc30940000 - 0x00007ffc309f2000 	C:\WINDOWS\System32\KERNEL32.DLL
0x00007ffc2f4e0000 - 0x00007ffc2f784000 	C:\WINDOWS\System32\KERNELBASE.dll
0x00007ffc31720000 - 0x00007ffc317c3000 	C:\WINDOWS\System32\ADVAPI32.dll
0x00007ffc31830000 - 0x00007ffc318ce000 	C:\WINDOWS\System32\msvcrt.dll
0x00007ffc31970000 - 0x00007ffc31a07000 	C:\WINDOWS\System32\sechost.dll
0x00007ffc314d0000 - 0x00007ffc315f0000 	C:\WINDOWS\System32\RPCRT4.dll
0x00007ffc32260000 - 0x00007ffc323f4000 	C:\WINDOWS\System32\USER32.dll
0x00007ffc2f790000 - 0x00007ffc2f7b1000 	C:\WINDOWS\System32\win32u.dll
0x00007ffc31670000 - 0x00007ffc31696000 	C:\WINDOWS\System32\GDI32.dll
0x00007ffc2f7c0000 - 0x00007ffc2f955000 	C:\WINDOWS\System32\gdi32full.dll
0x00007ffc30110000 - 0x00007ffc301ae000 	C:\WINDOWS\System32\msvcp_win.dll
0x00007ffc303f0000 - 0x00007ffc304ea000 	C:\WINDOWS\System32\ucrtbase.dll
0x00007ffc26f80000 - 0x00007ffc27204000 	C:\WINDOWS\WinSxS\amd64_microsoft.windows.common-controls_6595b64144ccf1df_6.0.18362.900_none_e6beb9d913147d17\COMCTL32.dll
0x00007ffc304f0000 - 0x00007ffc30825000 	C:\WINDOWS\System32\combase.dll
0x00007ffc30200000 - 0x00007ffc30280000 	C:\WINDOWS\System32\bcryptPrimitives.dll
0x00007ffc314a0000 - 0x00007ffc314ce000 	C:\WINDOWS\System32\IMM32.DLL
0x0000000054a20000 - 0x0000000054af2000 	C:\Program Files\Java\jdk1.8.0_251\jre\bin\msvcr100.dll
0x0000000054b00000 - 0x00000000553ab000 	C:\Program Files\Java\jdk1.8.0_251\jre\bin\server\jvm.dll
0x00007ffc31bb0000 - 0x00007ffc31bb8000 	C:\WINDOWS\System32\PSAPI.DLL
0x00007ffc2b9d0000 - 0x00007ffc2b9d9000 	C:\WINDOWS\SYSTEM32\WSOCK32.dll
0x00007ffc27e90000 - 0x00007ffc27e9a000 	C:\WINDOWS\SYSTEM32\VERSION.dll
0x00007ffc2d2a0000 - 0x00007ffc2d2c4000 	C:\WINDOWS\SYSTEM32\WINMM.dll
0x00007ffc315f0000 - 0x00007ffc3165f000 	C:\WINDOWS\System32\WS2_32.dll
0x00007ffc2d090000 - 0x00007ffc2d0bd000 	C:\WINDOWS\SYSTEM32\WINMMBASE.dll
0x00007ffc301b0000 - 0x00007ffc301fa000 	C:\WINDOWS\System32\cfgmgr32.dll
0x00007ffc2b180000 - 0x00007ffc2b18f000 	C:\Program Files\Java\jdk1.8.0_251\jre\bin\verify.dll
0x00007ffc21790000 - 0x00007ffc217b9000 	C:\Program Files\Java\jdk1.8.0_251\jre\bin\java.dll
0x00007ffc17f50000 - 0x00007ffc17f66000 	C:\Program Files\Java\jdk1.8.0_251\jre\bin\zip.dll
0x00007ffc30bc0000 - 0x00007ffc312a6000 	C:\WINDOWS\System32\SHELL32.dll
0x00007ffc313f0000 - 0x00007ffc31499000 	C:\WINDOWS\System32\shcore.dll
0x00007ffc2f960000 - 0x00007ffc300e0000 	C:\WINDOWS\System32\windows.storage.dll
0x00007ffc2f330000 - 0x00007ffc2f353000 	C:\WINDOWS\System32\profapi.dll
0x00007ffc2f380000 - 0x00007ffc2f3ca000 	C:\WINDOWS\System32\powrprof.dll
0x00007ffc2f300000 - 0x00007ffc2f310000 	C:\WINDOWS\System32\UMPDC.dll
0x00007ffc31b50000 - 0x00007ffc31ba2000 	C:\WINDOWS\System32\shlwapi.dll
0x00007ffc2f310000 - 0x00007ffc2f321000 	C:\WINDOWS\System32\kernel.appcore.dll
0x00007ffc303d0000 - 0x00007ffc303e7000 	C:\WINDOWS\System32\cryptsp.dll
0x00007ffbe4a30000 - 0x00007ffbe4bca000 	C:\Program Files\Java\jdk1.8.0_251\jre\bin\awt.dll
0x00007ffc31a80000 - 0x00007ffc31b45000 	C:\WINDOWS\System32\OLEAUT32.dll
0x00007ffc2d140000 - 0x00007ffc2d1cf000 	C:\WINDOWS\SYSTEM32\apphelp.dll
0x00007ffc2d340000 - 0x00007ffc2d3d9000 	C:\WINDOWS\system32\uxtheme.dll
0x00007ffc312b0000 - 0x00007ffc313e5000 	C:\WINDOWS\System32\MSCTF.dll
0x00007ffc32100000 - 0x00007ffc32257000 	C:\WINDOWS\System32\ole32.dll
0x00007ffc2d770000 - 0x00007ffc2d79d000 	C:\WINDOWS\system32\DWMAPI.DLL
0x00007ffc21e10000 - 0x00007ffc21f66000 	C:\WINDOWS\system32\opengl32.dll
0x00007ffc21420000 - 0x00007ffc2144c000 	C:\WINDOWS\SYSTEM32\GLU32.dll
0x00007ffc2df00000 - 0x00007ffc2df20000 	C:\WINDOWS\SYSTEM32\dxcore.dll
0x00007ffbecb70000 - 0x00007ffbecd37000 	C:\WINDOWS\system32\d3d9.dll
0x00007ffc19c40000 - 0x00007ffc19e1c000 	C:\WINDOWS\System32\DriverStore\FileRepository\u0340625.inf_amd64_af1e1c09ca6425a6\B339920\aticfx64.dll
0x00007ffc11b10000 - 0x00007ffc11b41000 	C:\WINDOWS\System32\DriverStore\FileRepository\u0340625.inf_amd64_af1e1c09ca6425a6\B339920\atiu9p64.dll
0x00007ffbdf5a0000 - 0x00007ffbe02e6000 	C:\WINDOWS\System32\DriverStore\FileRepository\u0340625.inf_amd64_af1e1c09ca6425a6\B339920\atiumd64.dll
0x0000000055ee0000 - 0x0000000056bd8000 	C:\WINDOWS\System32\DriverStore\FileRepository\u0340625.inf_amd64_af1e1c09ca6425a6\B339920\atiumd6a.dll
0x00007ffc2a2c0000 - 0x00007ffc2a4b4000 	C:\WINDOWS\SYSTEM32\dbghelp.dll

VM Arguments:
jvm_args: -Dfile.encoding=UTF-8 
java_command: stantardjavaswing.Main
java_class_path (initial): C:\Users\SuperJones2018\Documents\NetBeansProjects\PathFinder\build\classes
Launcher Type: SUN_STANDARD

Environment Variables:
JAVA_HOME=C:\Program Files\Java\jdk1.8.0_211
CLASSPATH=.;
PATH=C:\ProgramData\Oracle\Java\javapath;C:\Program Files (x86)\Common Files\Oracle\Java\javapath;C:\Program Files (x86)\Common Files\Intel\Shared Libraries\redist\intel64\compiler;C:\Program Files\Microsoft MPI\Bin\;C:\WINDOWS\system32;C:\WINDOWS;C:\WINDOWS\System32\Wbem;C:\WINDOWS\System32\WindowsPowerShell\v1.0\;C:\WINDOWS\System32\OpenSSH\;C:\Program Files\dotnet\;C:\Program Files\Microsoft SQL Server\130\Tools\Binn\;C:\Program Files\Microsoft SQL Server\Client SDK\ODBC\130\Tools\Binn\;C:\Program Files (x86)\Microsoft SQL Server\140\Tools\Binn\;C:\Program Files\Microsoft SQL Server\140\Tools\Binn\;C:\Program Files\Microsoft SQL Server\140\DTS\Binn\;C:\Program Files (x86)\Microsoft SQL Server\Client SDK\ODBC\130\Tools\Binn\;C:\Program Files (x86)\Microsoft SQL Server\140\DTS\Binn\;C:\Program Files (x86)\Microsoft SQL Server\140\Tools\Binn\ManagementStudio\;C:\ProgramData\chocolatey\bin;C:\Program Files\Java\jdk1.8.0_211\bin;C:\Program Files (x86)\Yarn\bin\;C:\Program Files\nodejs\;C:\Program Files\Microsoft SQL Server\Client SDK\ODBC\170\Tools\Binn\;C:\Program Files (x86)\Microsoft SQL Server\150\Tools\Binn\;C:\Program Files\Microsoft SQL Server\150\Tools\Binn\;C:\Program Files\Microsoft SQL Server\150\DTS\Binn\;C:\Program Files\Java\jre1.8.0_221\bin;C:\Users\SuperJones2018\AppData\Local\Programs\Microsoft VS Code\bin;C:\Users\SuperJones2018\AppData\Local\Yarn\bin;C:\Users\SuperJones2018\AppData\Local\Microsoft\WindowsApps;C:\Users\SuperJones2018\AppData\Local\GitHubDesktop\bin;C:\Users\SuperJones2018\AppData\Roaming\npm
USERNAME=SuperJones2018
OS=Windows_NT
PROCESSOR_IDENTIFIER=AMD64 Family 23 Model 1 Stepping 1, AuthenticAMD



---------------  S Y S T E M  ---------------

OS: Windows 10.0 , 64 bit Build 18362 (10.0.18362.900)

CPU:total 8 (initial active 8) (8 cores per cpu, 1 threads per core) family 23 model 1 stepping 1, cmov, cx8, fxsr, mmx, sse, sse2, sse3, ssse3, sse4.1, sse4.2, popcnt, avx, avx2, aes, clmul, mmxext, 3dnowpref, lzcnt, sse4a, tsc, tscinvbit, tscinv, bmi1

Memory: 4k page, physical 8279132k(1383632k free), swap 20337756k(7461504k free)

vm_info: Java HotSpot(TM) 64-Bit Server VM (25.251-b08) for windows-amd64 JRE (1.8.0_251-b08), built on Mar 12 2020 06:31:49 by "" with MS VC++ 10.0 (VS2010)

time: Sat Jul 04 15:51:32 2020
timezone: Hora oficial do Brasil
elapsed time: 0 seconds (0d 0h 0m 0s)

